f:\2course\sem3\kpo\lab17\lab17\debug\vc143.pdb
f:\2course\sem3\kpo\lab17\lab17\debug\vc143.idb
f:\2course\sem3\kpo\lab17\lab17\debug\parm.obj
f:\2course\sem3\kpo\lab17\lab17\debug\out.obj
f:\2course\sem3\kpo\lab17\lab17\debug\lt.obj
f:\2course\sem3\kpo\lab17\lab17\debug\log.obj
f:\2course\sem3\kpo\lab17\lab17\debug\lab17.obj
f:\2course\sem3\kpo\lab17\lab17\debug\it.obj
f:\2course\sem3\kpo\lab17\lab17\debug\in.obj
f:\2course\sem3\kpo\lab17\lab17\debug\fst.obj
f:\2course\sem3\kpo\lab17\lab17\debug\error.obj
f:\2course\sem3\kpo\lab17\lab17\debug\check.obj
f:\2course\sem3\kpo\lab17\lab17\debug\analize.obj
f:\2course\sem3\kpo\lab17\lab17\debug\lab17.ilk
f:\2course\sem3\kpo\lab17\debug\lab17.exe
f:\2course\sem3\kpo\lab17\debug\lab17.pdb
f:\2course\sem3\kpo\lab17\lab17\debug\lab17.tlog\cl.command.1.tlog
f:\2course\sem3\kpo\lab17\lab17\debug\lab17.tlog\cl.read.1.tlog
f:\2course\sem3\kpo\lab17\lab17\debug\lab17.tlog\cl.write.1.tlog
f:\2course\sem3\kpo\lab17\lab17\debug\lab17.tlog\link.command.1.tlog
f:\2course\sem3\kpo\lab17\lab17\debug\lab17.tlog\link.read.1.tlog
f:\2course\sem3\kpo\lab17\lab17\debug\lab17.tlog\link.write.1.tlog
