  Analize.cpp
C:\Users\Asus\Desktop\Lab17\Lab17\Analize.cpp(517,40): warning C4267: =: преобразование из "size_t" в "char"; возможна потеря данных
C:\Users\Asus\Desktop\Lab17\Lab17\Analize.cpp(520,58): warning C4267: =: преобразование из "size_t" в "char"; возможна потеря данных
C:\Users\Asus\Desktop\Lab17\Lab17\Analize.cpp(584,48): warning C4267: =: преобразование из "size_t" в "char"; возможна потеря данных
C:\Users\Asus\Desktop\Lab17\Lab17\Analize.cpp(654,20): warning C4018: <: несоответствие типов со знаком и без знака
C:\Users\Asus\Desktop\Lab17\Lab17\Analize.cpp(656,21): warning C4018: <: несоответствие типов со знаком и без знака
  Check.cpp
  Error.cpp
  FST.cpp
C:\Users\Asus\Desktop\Lab17\Lab17\FST.cpp(66,23): warning C4018: <: несоответствие типов со знаком и без знака
C:\Users\Asus\Desktop\Lab17\Lab17\FST.cpp(149,31): warning C4267: =: преобразование из "size_t" в "short"; возможна потеря данных
C:\Users\Asus\Desktop\Lab17\Lab17\FST.cpp(151,23): warning C4018: <: несоответствие типов со знаком и без знака
  IT.cpp
  In.cpp
C:\Users\Asus\Desktop\Lab17\Lab17\In.cpp(86,22): warning C4018: <: несоответствие типов со знаком и без знака
C:\Users\Asus\Desktop\Lab17\Lab17\In.cpp(111,25): warning C4018: <: несоответствие типов со знаком и без знака
C:\Users\Asus\Desktop\Lab17\Lab17\In.cpp(130,21): warning C4018: <: несоответствие типов со знаком и без знака
  LT.cpp
  Lab17.cpp
  Log.cpp
C:\Users\Asus\Desktop\Lab17\Lab17\Log.cpp(64,9): warning C4101: f: неиспользованная локальная переменная
  Out.cpp
  Parm.cpp
C:\Users\Asus\Desktop\Lab17\Lab17\Parm.cpp(76,22): warning C4018: <: несоответствие типов со знаком и без знака
C:\Users\Asus\Desktop\Lab17\Lab17\Parm.cpp(84,20): warning C4018: <: несоответствие типов со знаком и без знака
C:\Users\Asus\Desktop\Lab17\Lab17\Parm.cpp(92,20): warning C4018: <: несоответствие типов со знаком и без знака
  Создание кода...
  Lab17.vcxproj -> C:\Users\Asus\Desktop\Lab17\Debug\Lab17.exe
